[debug] [2026-06-09T12:24:07.260Z] ----------------------------------------------------------------------
[debug] [2026-06-09T12:24:07.264Z] Command:       C:\Program Files\nodejs\node.exe C:\Users\zaidm\AppData\Roaming\npm\node_modules\firebase-tools\lib\bin\firebase.js deploy --only hosting --debug
[debug] [2026-06-09T12:24:07.264Z] CLI Version:   15.19.1
[debug] [2026-06-09T12:24:07.264Z] Platform:      win32
[debug] [2026-06-09T12:24:07.265Z] Node Version:  v24.14.1
[debug] [2026-06-09T12:24:07.265Z] Time:          Tue Jun 09 2026 17:54:07 GMT+0530 (India Standard Time)
[debug] [2026-06-09T12:24:07.265Z] ----------------------------------------------------------------------
[debug] 
[debug] [2026-06-09T12:24:09.484Z] > command requires scopes: ["email","openid","https://www.googleapis.com/auth/cloudplatformprojects.readonly","https://www.googleapis.com/auth/firebase","https://www.googleapis.com/auth/cloud-platform"]
[debug] [2026-06-09T12:24:09.485Z] > authorizing via signed-in user (mohd.zaid.620268@gmail.com)
[debug] [2026-06-09T12:24:09.485Z] [iam] checking project perposal-9d5d6 for permissions ["firebase.projects.get","firebasehosting.sites.update"]
[debug] [2026-06-09T12:24:09.487Z] Checked if tokens are valid: true, expires at: 1781010883829
[debug] [2026-06-09T12:24:09.488Z] Checked if tokens are valid: true, expires at: 1781010883829
[debug] [2026-06-09T12:24:09.489Z] >>> [apiv2][query] POST https://cloudresourcemanager.googleapis.com/v1/projects/perposal-9d5d6:testIamPermissions [none]
[debug] [2026-06-09T12:24:09.489Z] >>> [apiv2][(partial)header] POST https://cloudresourcemanager.googleapis.com/v1/projects/perposal-9d5d6:testIamPermissions  x-goog-user-project=perposal-9d5d6
[debug] [2026-06-09T12:24:09.489Z] >>> [apiv2][body] POST https://cloudresourcemanager.googleapis.com/v1/projects/perposal-9d5d6:testIamPermissions {"permissions":["firebase.projects.get","firebasehosting.sites.update"]}
[debug] [2026-06-09T12:24:11.119Z] <<< [apiv2][status] POST https://cloudresourcemanager.googleapis.com/v1/projects/perposal-9d5d6:testIamPermissions 200
[debug] [2026-06-09T12:24:11.120Z] <<< [apiv2][body] POST https://cloudresourcemanager.googleapis.com/v1/projects/perposal-9d5d6:testIamPermissions {"permissions":["firebase.projects.get","firebasehosting.sites.update"]}
[debug] [2026-06-09T12:24:11.123Z] Checked if tokens are valid: true, expires at: 1781010883829
[debug] [2026-06-09T12:24:11.123Z] Checked if tokens are valid: true, expires at: 1781010883829
[debug] [2026-06-09T12:24:11.124Z] >>> [apiv2][query] GET https://firebase.googleapis.com/v1beta1/projects/perposal-9d5d6 [none]
[debug] [2026-06-09T12:24:11.804Z] <<< [apiv2][status] GET https://firebase.googleapis.com/v1beta1/projects/perposal-9d5d6 200
[debug] [2026-06-09T12:24:11.804Z] <<< [apiv2][body] GET https://firebase.googleapis.com/v1beta1/projects/perposal-9d5d6 {"projectId":"perposal-9d5d6","projectNumber":"658324707232","displayName":"perposal","name":"projects/perposal-9d5d6","resources":{"hostingSite":"perposal-9d5d6"},"state":"ACTIVE","etag":"1_cab97047-7fa1-45c9-87ef-40521a334052"}
[info] 
[info] === Deploying to 'perposal-9d5d6'...
[info] 
[info] i  deploying hosting 
[debug] [2026-06-09T12:24:11.809Z] Checked if tokens are valid: true, expires at: 1781010883829
[debug] [2026-06-09T12:24:11.809Z] Checked if tokens are valid: true, expires at: 1781010883829
[debug] [2026-06-09T12:24:11.809Z] >>> [apiv2][query] GET https://firebasehosting.googleapis.com/v1beta1/projects/perposal-9d5d6/sites/perposal-9d5d6 [none]
[debug] [2026-06-09T12:24:13.299Z] <<< [apiv2][status] GET https://firebasehosting.googleapis.com/v1beta1/projects/perposal-9d5d6/sites/perposal-9d5d6 200
[debug] [2026-06-09T12:24:13.300Z] <<< [apiv2][body] GET https://firebasehosting.googleapis.com/v1beta1/projects/perposal-9d5d6/sites/perposal-9d5d6 {"name":"projects/perposal-9d5d6/sites/perposal-9d5d6","defaultUrl":"https://perposal-9d5d6.web.app","appId":"1:658324707232:web:c649b671213af9767a76c5","type":"DEFAULT_SITE"}
[debug] [2026-06-09T12:24:13.305Z] Checked if tokens are valid: true, expires at: 1781010883829
[debug] [2026-06-09T12:24:13.305Z] Checked if tokens are valid: true, expires at: 1781010883829
[debug] [2026-06-09T12:24:13.305Z] >>> [apiv2][query] POST https://firebasehosting.googleapis.com/v1beta1/projects/-/sites/perposal-9d5d6/versions [none]
[debug] [2026-06-09T12:24:13.305Z] >>> [apiv2][body] POST https://firebasehosting.googleapis.com/v1beta1/projects/-/sites/perposal-9d5d6/versions {"status":"CREATED","labels":{"deployment-tool":"cli-firebase"}}
[debug] [2026-06-09T12:24:14.621Z] <<< [apiv2][status] POST https://firebasehosting.googleapis.com/v1beta1/projects/-/sites/perposal-9d5d6/versions 200
[debug] [2026-06-09T12:24:14.621Z] <<< [apiv2][body] POST https://firebasehosting.googleapis.com/v1beta1/projects/-/sites/perposal-9d5d6/versions {"name":"projects/658324707232/sites/perposal-9d5d6/versions/dcb2c2aaaeacba18","status":"CREATED","config":{},"labels":{"deployment-tool":"cli-firebase"}}
[info] i  hosting[perposal-9d5d6]: beginning deploy... 
[info] i  hosting[perposal-9d5d6]: found 8 files in dist 
[debug] [2026-06-09T12:24:14.652Z] [hosting] uploading with 200 concurrency
[debug] [2026-06-09T12:24:14.656Z] Checked if tokens are valid: true, expires at: 1781010883829
[debug] [2026-06-09T12:24:14.656Z] Checked if tokens are valid: true, expires at: 1781010883829
[debug] [2026-06-09T12:24:14.657Z] [hosting] hash cache [ZGlzdA] stored for 8 files
[debug] [2026-06-09T12:24:14.658Z] [hosting][hash queue][FINAL] {"max":0,"min":0,"avg":0,"active":0,"complete":8,"success":8,"errored":0,"retried":0,"total":8,"elapsed":4}
[debug] [2026-06-09T12:24:14.658Z] >>> [apiv2][query] POST https://firebasehosting.googleapis.com/v1beta1/projects/658324707232/sites/perposal-9d5d6/versions/dcb2c2aaaeacba18:populateFiles [none]
[debug] [2026-06-09T12:24:14.658Z] >>> [apiv2][body] POST https://firebasehosting.googleapis.com/v1beta1/projects/658324707232/sites/perposal-9d5d6/versions/dcb2c2aaaeacba18:populateFiles {"files":{"/index.html":"c0649019c84730d94e304af0c4c9ffe950a44d5e4cba0296bb0c95f07fe75430","/assets/Snapchat-793226076-BL4evpu6.jpg":"9d986209061fa42d66cd02ab3bb7ece8d861ce9a6f4ac00aca82650f18c9f744","/assets/logo-C56gPIU-.png":"3b2529c4374361077b1b48fe6f98702ee206e95a0019c9216e891fdb0004f7a1","/assets/index-DXOaFiq4.js":"064c1805eb7db5ce211f6914fbd10e9e33ac783e3d496808c40234b0386c3ff9","/assets/index-DlY63N8n.css":"36b44dbc7f96e6ce0edefea6b1c4724ae7bfdc1e0af553dcf0de8348139bae74","/assets/IMG-20260310-WA0011-BTUQZHEq.jpg":"4ef23a5acfe726c4f0d6dbd2aff4f34f1302d22e8bc3e6198238f3a4bac879cd","/assets/IMG-20260310-WA0004-Bn-KvIT_.jpg":"607ebd19e498c3b0d438ad6a737927b93c767645ab0dca34b269f3da6028fea8","/assets/heart-of-roses-naEo6Ehp.jpg":"606209229ea8cb72a593a6883825d90b039bcbe1894a06e2a5815c598c955540"}}
[debug] [2026-06-09T12:24:15.429Z] <<< [apiv2][status] POST https://firebasehosting.googleapis.com/v1beta1/projects/658324707232/sites/perposal-9d5d6/versions/dcb2c2aaaeacba18:populateFiles 200
[debug] [2026-06-09T12:24:15.430Z] <<< [apiv2][body] POST https://firebasehosting.googleapis.com/v1beta1/projects/658324707232/sites/perposal-9d5d6/versions/dcb2c2aaaeacba18:populateFiles {"uploadRequiredHashes":["4ef23a5acfe726c4f0d6dbd2aff4f34f1302d22e8bc3e6198238f3a4bac879cd"],"uploadUrl":"https://upload-firebasehosting.googleapis.com/upload/sites/perposal-9d5d6/versions/dcb2c2aaaeacba18/files"}
[debug] [2026-06-09T12:24:15.431Z] Checked if tokens are valid: true, expires at: 1781010883829
[debug] [2026-06-09T12:24:15.432Z] Checked if tokens are valid: true, expires at: 1781010883829
[debug] [2026-06-09T12:24:15.432Z] >>> [apiv2][query] POST https://upload-firebasehosting.googleapis.com/upload/sites/perposal-9d5d6/versions/dcb2c2aaaeacba18/files/4ef23a5acfe726c4f0d6dbd2aff4f34f1302d22e8bc3e6198238f3a4bac879cd [none]
[debug] [2026-06-09T12:24:15.432Z] >>> [apiv2][body] POST https://upload-firebasehosting.googleapis.com/upload/sites/perposal-9d5d6/versions/dcb2c2aaaeacba18/files/4ef23a5acfe726c4f0d6dbd2aff4f34f1302d22e8bc3e6198238f3a4bac879cd [stream]
[debug] [2026-06-09T12:24:15.435Z] [hosting][populate queue][FINAL] {"max":776,"min":776,"avg":776,"active":0,"complete":1,"success":1,"errored":0,"retried":0,"total":1,"elapsed":779}
[debug] [2026-06-09T12:24:15.435Z] [hosting] uploads queued: 1
[info] i  hosting: uploading new files [0/1] (0%) 
[debug] [2026-06-09T12:24:17.328Z] <<< [apiv2][status] POST https://upload-firebasehosting.googleapis.com/upload/sites/perposal-9d5d6/versions/dcb2c2aaaeacba18/files/4ef23a5acfe726c4f0d6dbd2aff4f34f1302d22e8bc3e6198238f3a4bac879cd 200
[debug] [2026-06-09T12:24:17.328Z] <<< [apiv2][body] POST https://upload-firebasehosting.googleapis.com/upload/sites/perposal-9d5d6/versions/dcb2c2aaaeacba18/files/4ef23a5acfe726c4f0d6dbd2aff4f34f1302d22e8bc3e6198238f3a4bac879cd [stream]
[debug] [2026-06-09T12:24:17.328Z] [hosting][upload queue][FINAL] {"max":1898,"min":1898,"avg":1898,"active":0,"complete":1,"success":1,"errored":0,"retried":0,"total":1,"elapsed":1898}
[info] i  hosting: upload complete 
[info] +  hosting[perposal-9d5d6]: file upload complete 
[debug] [2026-06-09T12:24:17.329Z] [hosting] deploy completed after 2702ms
[debug] [2026-06-09T12:24:17.329Z] [
  {
    "config": {
      "public": "dist",
      "ignore": [
        "firebase.json",
        "**/.*",
        "**/node_modules/**"
      ],
      "rewrites": [
        {
          "source": "**",
          "destination": "/index.html"
        }
      ],
      "site": "perposal-9d5d6"
    },
    "version": "projects/658324707232/sites/perposal-9d5d6/versions/dcb2c2aaaeacba18"
  }
]
[info] i  hosting[perposal-9d5d6]: finalizing version... 
[debug] [2026-06-09T12:24:17.332Z] Checked if tokens are valid: true, expires at: 1781010883829
[debug] [2026-06-09T12:24:17.333Z] Checked if tokens are valid: true, expires at: 1781010883829
[debug] [2026-06-09T12:24:17.388Z] >>> [apiv2][query] PATCH https://firebasehosting.googleapis.com/v1beta1/projects/-/sites/perposal-9d5d6/versions/dcb2c2aaaeacba18 updateMask=status%2Cconfig
[debug] [2026-06-09T12:24:17.389Z] >>> [apiv2][body] PATCH https://firebasehosting.googleapis.com/v1beta1/projects/-/sites/perposal-9d5d6/versions/dcb2c2aaaeacba18 {"status":"FINALIZED","config":{"rewrites":[{"glob":"**","path":"/index.html"}]}}
[debug] [2026-06-09T12:24:18.250Z] <<< [apiv2][status] PATCH https://firebasehosting.googleapis.com/v1beta1/projects/-/sites/perposal-9d5d6/versions/dcb2c2aaaeacba18 200
[debug] [2026-06-09T12:24:18.250Z] <<< [apiv2][body] PATCH https://firebasehosting.googleapis.com/v1beta1/projects/-/sites/perposal-9d5d6/versions/dcb2c2aaaeacba18 {"name":"projects/658324707232/sites/perposal-9d5d6/versions/dcb2c2aaaeacba18","status":"FINALIZED","config":{"rewrites":[{"glob":"**","path":"/index.html"}]},"labels":{"deployment-tool":"cli-firebase"},"createTime":"2026-06-09T12:24:15.297649Z","createUser":{"email":"mohd.zaid.620268@gmail.com"},"finalizeTime":"2026-06-09T12:24:19.522313Z","finalizeUser":{"email":"mohd.zaid.620268@gmail.com"}}
[debug] [2026-06-09T12:24:18.250Z] [hosting] finalized version for perposal-9d5d6:[object Object]
[info] +  hosting[perposal-9d5d6]: version finalized 
[info] i  hosting[perposal-9d5d6]: releasing new version... 
[debug] [2026-06-09T12:24:18.251Z] Checked if tokens are valid: true, expires at: 1781010883829
[debug] [2026-06-09T12:24:18.251Z] Checked if tokens are valid: true, expires at: 1781010883829
[debug] [2026-06-09T12:24:18.252Z] >>> [apiv2][query] POST https://firebasehosting.googleapis.com/v1beta1/projects/-/sites/perposal-9d5d6/channels/live/releases versionName=projects%2F658324707232%2Fsites%2Fperposal-9d5d6%2Fversions%2Fdcb2c2aaaeacba18
[debug] [2026-06-09T12:24:18.252Z] >>> [apiv2][body] POST https://firebasehosting.googleapis.com/v1beta1/projects/-/sites/perposal-9d5d6/channels/live/releases {}
[debug] [2026-06-09T12:24:19.337Z] <<< [apiv2][status] POST https://firebasehosting.googleapis.com/v1beta1/projects/-/sites/perposal-9d5d6/channels/live/releases 200
[debug] [2026-06-09T12:24:19.338Z] <<< [apiv2][body] POST https://firebasehosting.googleapis.com/v1beta1/projects/-/sites/perposal-9d5d6/channels/live/releases {"name":"projects/658324707232/sites/perposal-9d5d6/channels/live/releases/1781007859899000","version":{"name":"projects/658324707232/sites/perposal-9d5d6/versions/dcb2c2aaaeacba18","status":"FINALIZED","config":{"rewrites":[{"glob":"**","path":"/index.html"}]},"labels":{"deployment-tool":"cli-firebase"},"createTime":"2026-06-09T12:24:15.297649Z","createUser":{"email":"mohd.zaid.620268@gmail.com","imageUrl":"https://lh3.googleusercontent.com/a/ACg8ocI5cbvTvWrPnsEI9OH0BgKtKjyDrZMAR6CUe76knHxdpnFsxQ=mo"},"finalizeTime":"2026-06-09T12:24:19.522313Z","finalizeUser":{"email":"mohd.zaid.620268@gmail.com","imageUrl":"https://lh3.googleusercontent.com/a/ACg8ocI5cbvTvWrPnsEI9OH0BgKtKjyDrZMAR6CUe76knHxdpnFsxQ=mo"}},"type":"DEPLOY","releaseTime":"2026-06-09T12:24:19.899Z","releaseUser":{"email":"mohd.zaid.620268@gmail.com","imageUrl":"https://lh3.googleusercontent.com/a/ACg8ocI5cbvTvWrPnsEI9OH0BgKtKjyDrZMAR6CUe76knHxdpnFsxQ=mo"}}
[debug] [2026-06-09T12:24:19.338Z] [hosting] release: {"name":"projects/658324707232/sites/perposal-9d5d6/channels/live/releases/1781007859899000","version":{"name":"projects/658324707232/sites/perposal-9d5d6/versions/dcb2c2aaaeacba18","status":"FINALIZED","config":{"rewrites":[{"glob":"**","path":"/index.html"}]},"labels":{"deployment-tool":"cli-firebase"},"createTime":"2026-06-09T12:24:15.297649Z","createUser":{"email":"mohd.zaid.620268@gmail.com","imageUrl":"https://lh3.googleusercontent.com/a/ACg8ocI5cbvTvWrPnsEI9OH0BgKtKjyDrZMAR6CUe76knHxdpnFsxQ=mo"},"finalizeTime":"2026-06-09T12:24:19.522313Z","finalizeUser":{"email":"mohd.zaid.620268@gmail.com","imageUrl":"https://lh3.googleusercontent.com/a/ACg8ocI5cbvTvWrPnsEI9OH0BgKtKjyDrZMAR6CUe76knHxdpnFsxQ=mo"}},"type":"DEPLOY","releaseTime":"2026-06-09T12:24:19.899Z","releaseUser":{"email":"mohd.zaid.620268@gmail.com","imageUrl":"https://lh3.googleusercontent.com/a/ACg8ocI5cbvTvWrPnsEI9OH0BgKtKjyDrZMAR6CUe76knHxdpnFsxQ=mo"}}
[info] +  hosting[perposal-9d5d6]: release complete 
[info] 
[info] +  Deploy complete! 
[info] 
[info] Project Console: https://console.firebase.google.com/project/perposal-9d5d6/overview
[info] Hosting URL: https://perposal-9d5d6.web.app
